# JRE version: OpenJDK Runtime Environment (8.0_232-b09) (build 1.8.0_232-8u232-b09-0ubuntu1~18.04.1-b09)
# Java VM: OpenJDK 64-Bit Server VM (25.232-b09 mixed mode linux-amd64 compressed oops)
Heap:
 garbage-first heap   total 253952K, used 38250K [0x00000000c0000000, 0x00000000c01007c0, 0x0000000100000000)
  region size 1024K, 1 young (1024K), 1 survivors (1024K)
 Metaspace       used 38897K, capacity 41270K, committed 41520K, reserved 1085440K
  class space    used 4401K, capacity 5167K, committed 5168K, reserved 1048576K
GC Heap History (10 events):
Event: 45,764 GC heap after
Heap after GC invocations=14 (full 0):
 garbage-first heap   total 126976K, used 34175K [0x00000000c0000000, 0x00000000c01003e0, 0x0000000100000000)
  region size 1024K, 1 young (1024K), 1 survivors (1024K)
 Metaspace       used 35916K, capacity 38240K, committed 38576K, reserved 1083392K
  class space    used 3925K, capacity 4668K, committed 4784K, reserved 1048576K
}
Event: 53,614 GC heap before
{Heap before GC invocations=14 (full 0):
 garbage-first heap   total 126976K, used 51583K [0x00000000c0000000, 0x00000000c01003e0, 0x0000000100000000)
  region size 1024K, 18 young (18432K), 1 survivors (1024K)
 Metaspace       used 37905K, capacity 40222K, committed 40368K, reserved 1085440K
  class space    used 4235K, capacity 4967K, committed 5040K, reserved 1048576K
Event: 53,787 GC heap after
Heap after GC invocations=15 (full 0):
 garbage-first heap   total 126976K, used 36440K [0x00000000c0000000, 0x00000000c01003e0, 0x0000000100000000)
  region size 1024K, 3 young (3072K), 3 survivors (3072K)
 Metaspace       used 37905K, capacity 40222K, committed 40368K, reserved 1085440K
  class space    used 4235K, capacity 4967K, committed 5040K, reserved 1048576K
}
Event: 96,298 GC heap before
{Heap before GC invocations=15 (full 0):
 garbage-first heap   total 126976K, used 54872K [0x00000000c0000000, 0x00000000c01003e0, 0x0000000100000000)
  region size 1024K, 21 young (21504K), 3 survivors (3072K)
 Metaspace       used 38370K, capacity 40734K, committed 40880K, reserved 1085440K
  class space    used 4292K, capacity 5031K, committed 5040K, reserved 1048576K
Event: 96,506 GC heap after
Heap after GC invocations=16 (full 0):
 garbage-first heap   total 126976K, used 36848K [0x00000000c0000000, 0x00000000c01003e0, 0x0000000100000000)
  region size 1024K, 3 young (3072K), 3 survivors (3072K)
 Metaspace       used 38370K, capacity 40734K, committed 40880K, reserved 1085440K
  class space    used 4292K, capacity 5031K, committed 5040K, reserved 1048576K
}
Event: 125,008 GC heap before
{Heap before GC invocations=16 (full 0):
 garbage-first heap   total 126976K, used 58352K [0x00000000c0000000, 0x00000000c01003e0, 0x0000000100000000)
  region size 1024K, 24 young (24576K), 3 survivors (3072K)
 Metaspace       used 38646K, capacity 40982K, committed 41264K, reserved 1085440K
  class space    used 4346K, capacity 5071K, committed 5168K, reserved 1048576K
Event: 125,751 GC heap after
Heap after GC invocations=17 (full 0):
 garbage-first heap   total 126976K, used 37709K [0x00000000c0000000, 0x00000000c01003e0, 0x0000000100000000)
  region size 1024K, 3 young (3072K), 3 survivors (3072K)
 Metaspace       used 38646K, capacity 40982K, committed 41264K, reserved 1085440K
  class space    used 4346K, capacity 5071K, committed 5168K, reserved 1048576K
}
Event: 217,328 GC heap before
{Heap before GC invocations=17 (full 0):
 garbage-first heap   total 126976K, used 40781K [0x00000000c0000000, 0x00000000c01003e0, 0x0000000100000000)
  region size 1024K, 6 young (6144K), 3 survivors (3072K)
 Metaspace       used 38734K, capacity 41110K, committed 41264K, reserved 1085440K
  class space    used 4365K, capacity 5135K, committed 5168K, reserved 1048576K
Event: 244,990 GC heap after
Heap after GC invocations=18 (full 0):
 garbage-first heap   total 126976K, used 38512K [0x00000000c0000000, 0x00000000c01003e0, 0x0000000100000000)
  region size 1024K, 1 young (1024K), 1 survivors (1024K)
 Metaspace       used 38734K, capacity 41110K, committed 41264K, reserved 1085440K
  class space    used 4365K, capacity 5135K, committed 5168K, reserved 1048576K
}
Event: 678,883 GC heap before
{Heap before GC invocations=18 (full 0):
 garbage-first heap   total 126976K, used 43632K [0x00000000c0000000, 0x00000000c01003e0, 0x0000000100000000)
  region size 1024K, 6 young (6144K), 1 survivors (1024K)
 Metaspace       used 38897K, capacity 41270K, committed 41520K, reserved 1085440K
  class space    used 4401K, capacity 5167K, committed 5168K, reserved 1048576K

